#! /usr/share/iverilog-0.9.7/bin/vvp
:ivl_version "0.9.7 " "(v0_9_6)";
:vpi_time_precision + 0;
:vpi_module "system";
:vpi_module "v2005_math";
:vpi_module "va_math";
S_0x111ed80 .scope module, "stack_TB" "stack_TB" 2 1;
 .timescale 0 0;
v0x11537e0_0 .net "alucontrolt", 2 0, v0x1140d90_0; 1 drivers
v0x11538b0_0 .var "aluopt", 1 0;
v0x1153960_0 .var "functt", 5 0;
S_0x1153630 .scope task, "write" "write" 2 26, 2 26, S_0x111ed80;
 .timescale 0 0;
v0x1153720_0 .var "din", 7 0;
TD_stack_TB.write ;
    %ix/load 1, 6, 0;
    %mov 4, 0, 1;
    %jmp/1 T_0.0, 4;
    %load/x1p 8, v0x1153720_0, 2;
    %jmp T_0.1;
T_0.0 ;
    %mov 8, 2, 2;
T_0.1 ;
; Save base=8 wid=2 in lookaside.
    %set/v v0x11538b0_0, 8, 2;
    %load/v 8, v0x1153720_0, 6; Only need 6 of 8 bits
; Save base=8 wid=6 in lookaside.
    %set/v v0x1153960_0, 8, 6;
    %end;
S_0x1140ca0 .scope module, "aludec_dut" "ALUDec" 2 9, 3 1, S_0x111ed80;
 .timescale 0 0;
v0x1140d90_0 .var "alucontrol", 2 0;
v0x11534f0_0 .net "aluop", 1 0, v0x11538b0_0; 1 drivers
v0x1153590_0 .net "funct", 5 0, v0x1153960_0; 1 drivers
E_0x111d200 .event edge, v0x11534f0_0, v0x1153590_0;
    .scope S_0x1140ca0;
T_1 ;
    %wait E_0x111d200;
    %load/v 8, v0x1153590_0, 6;
    %load/v 14, v0x11534f0_0, 2;
    %mov 16, 2, 6;
    %movi 22, 0, 2;
    %cmp/x 8, 16, 8;
    %jmp/1 T_1.0, 4;
    %mov 24, 2, 5;
    %movi 29, 2, 2;
    %mov 31, 2, 1;
    %cmp/x 8, 24, 8;
    %jmp/1 T_1.1, 4;
    %movi 32, 32, 6;
    %mov 38, 2, 1;
    %movi 39, 1, 1;
    %cmp/x 8, 32, 8;
    %jmp/1 T_1.2, 4;
    %movi 40, 34, 6;
    %mov 46, 2, 1;
    %movi 47, 1, 1;
    %cmp/x 8, 40, 8;
    %jmp/1 T_1.3, 4;
    %movi 48, 36, 6;
    %mov 54, 2, 1;
    %movi 55, 1, 1;
    %cmp/x 8, 48, 8;
    %jmp/1 T_1.4, 4;
    %movi 56, 37, 6;
    %mov 62, 2, 1;
    %movi 63, 1, 1;
    %cmp/x 8, 56, 8;
    %jmp/1 T_1.5, 4;
    %movi 64, 42, 6;
    %mov 70, 2, 1;
    %movi 71, 1, 1;
    %cmp/x 8, 64, 8;
    %jmp/1 T_1.6, 4;
    %jmp T_1.7;
T_1.0 ;
    %movi 8, 2, 3;
    %set/v v0x1140d90_0, 8, 3;
    %jmp T_1.7;
T_1.1 ;
    %movi 8, 6, 3;
    %set/v v0x1140d90_0, 8, 3;
    %jmp T_1.7;
T_1.2 ;
    %movi 8, 2, 3;
    %set/v v0x1140d90_0, 8, 3;
    %jmp T_1.7;
T_1.3 ;
    %movi 8, 6, 3;
    %set/v v0x1140d90_0, 8, 3;
    %jmp T_1.7;
T_1.4 ;
    %set/v v0x1140d90_0, 0, 3;
    %jmp T_1.7;
T_1.5 ;
    %movi 8, 1, 3;
    %set/v v0x1140d90_0, 8, 3;
    %jmp T_1.7;
T_1.6 ;
    %movi 8, 1, 3;
    %set/v v0x1140d90_0, 8, 3;
    %jmp T_1.7;
T_1.7 ;
    %jmp T_1;
    .thread T_1, $push;
    .scope S_0x111ed80;
T_2 ;
    %vpi_call 2 13 "$dumpfile", "dump.vcd";
    %vpi_call 2 14 "$dumpvars", 1'sb0, S_0x1140ca0;
    %end;
    .thread T_2;
    .scope S_0x111ed80;
T_3 ;
    %delay 900, 0;
    %vpi_call 2 23 "$finish";
    %end;
    .thread T_3;
    .scope S_0x111ed80;
T_4 ;
    %delay 7, 0;
    %movi 8, 32, 6;
    %mov 14, 2, 1;
    %movi 15, 1, 1;
    %set/v v0x1153720_0, 8, 8;
    %fork TD_stack_TB.write, S_0x1153630;
    %join;
    %delay 7, 0;
    %movi 8, 34, 6;
    %mov 14, 2, 1;
    %movi 15, 1, 1;
    %set/v v0x1153720_0, 8, 8;
    %fork TD_stack_TB.write, S_0x1153630;
    %join;
    %delay 7, 0;
    %mov 8, 2, 6;
    %movi 14, 1, 1;
    %mov 15, 2, 1;
    %set/v v0x1153720_0, 8, 8;
    %fork TD_stack_TB.write, S_0x1153630;
    %join;
    %delay 7, 0;
    %mov 8, 2, 6;
    %movi 14, 0, 2;
    %set/v v0x1153720_0, 8, 8;
    %fork TD_stack_TB.write, S_0x1153630;
    %join;
    %delay 7, 0;
    %movi 8, 36, 6;
    %mov 14, 2, 1;
    %movi 15, 1, 1;
    %set/v v0x1153720_0, 8, 8;
    %fork TD_stack_TB.write, S_0x1153630;
    %join;
    %delay 7, 0;
    %movi 8, 37, 6;
    %mov 14, 2, 1;
    %movi 15, 1, 1;
    %set/v v0x1153720_0, 8, 8;
    %fork TD_stack_TB.write, S_0x1153630;
    %join;
    %delay 7, 0;
    %movi 8, 42, 6;
    %mov 14, 2, 1;
    %movi 15, 1, 1;
    %set/v v0x1153720_0, 8, 8;
    %fork TD_stack_TB.write, S_0x1153630;
    %join;
    %end;
    .thread T_4;
# The file index is used to find the file name in the following table.
:file_names 4;
    "N/A";
    "<interactive>";
    "testbench.sv";
    "design.sv";
